27-May-2019 20:29:48.109 信息 [main] org.apache.catalina.startup.VersionLoggerListener.log Server.服务器版本:        Apache Tomcat/9.0.19
27-May-2019 20:29:48.120 信息 [main] org.apache.catalina.startup.VersionLoggerListener.log Server.构建:          Apr 12 2019 14:22:48 UTC
27-May-2019 20:29:48.122 信息 [main] org.apache.catalina.startup.VersionLoggerListener.log Server version number: 9.0.19.0
27-May-2019 20:29:48.123 信息 [main] org.apache.catalina.startup.VersionLoggerListener.log OS Name:               Windows 10
27-May-2019 20:29:48.124 信息 [main] org.apache.catalina.startup.VersionLoggerListener.log OS.版本:            10.0
27-May-2019 20:29:48.124 信息 [main] org.apache.catalina.startup.VersionLoggerListener.log 结.造:          amd64
27-May-2019 20:29:48.125 信息 [main] org.apache.catalina.startup.VersionLoggerListener.log Java 环境变量:             C:\Program Files\Java\jdk-11.0.2
27-May-2019 20:29:48.125 信息 [main] org.apache.catalina.startup.VersionLoggerListener.log JVM 版本:           11.0.2+9-LTS
27-May-2019 20:29:48.126 信息 [main] org.apache.catalina.startup.VersionLoggerListener.log JVM.供应商:            Oracle Corporation
27-May-2019 20:29:48.126 信息 [main] org.apache.catalina.startup.VersionLoggerListener.log CATALINA_BASE:         D:\SourceCode\Java\apache-tomcat-9.0.19
27-May-2019 20:29:48.127 信息 [main] org.apache.catalina.startup.VersionLoggerListener.log CATALINA_HOME:         D:\SourceCode\Java\apache-tomcat-9.0.19
27-May-2019 20:29:48.127 信息 [main] org.apache.catalina.startup.VersionLoggerListener.log Command line argument: --add-opens=java.base/java.lang=ALL-UNNAMED
27-May-2019 20:29:48.128 信息 [main] org.apache.catalina.startup.VersionLoggerListener.log Command line argument: --add-opens=java.base/java.io=ALL-UNNAMED
27-May-2019 20:29:48.129 信息 [main] org.apache.catalina.startup.VersionLoggerListener.log Command line argument: --add-opens=java.rmi/sun.rmi.transport=ALL-UNNAMED
27-May-2019 20:29:48.129 信息 [main] org.apache.catalina.startup.VersionLoggerListener.log Command line argument: -Djava.util.logging.config.file=D:\SourceCode\Java\apache-tomcat-9.0.19\conf\logging.properties
27-May-2019 20:29:48.130 信息 [main] org.apache.catalina.startup.VersionLoggerListener.log Command line argument: -Djava.util.logging.manager=org.apache.juli.ClassLoaderLogManager
27-May-2019 20:29:48.130 信息 [main] org.apache.catalina.startup.VersionLoggerListener.log Command line argument: -Djdk.tls.ephemeralDHKeySize=2048
27-May-2019 20:29:48.135 信息 [main] org.apache.catalina.startup.VersionLoggerListener.log Command line argument: -Djava.protocol.handler.pkgs=org.apache.catalina.webresources
27-May-2019 20:29:48.136 信息 [main] org.apache.catalina.startup.VersionLoggerListener.log Command line argument: -Dignore.endorsed.dirs=
27-May-2019 20:29:48.137 信息 [main] org.apache.catalina.startup.VersionLoggerListener.log Command line argument: -Dcatalina.base=D:\SourceCode\Java\apache-tomcat-9.0.19
27-May-2019 20:29:48.138 信息 [main] org.apache.catalina.startup.VersionLoggerListener.log Command line argument: -Dcatalina.home=D:\SourceCode\Java\apache-tomcat-9.0.19
27-May-2019 20:29:48.139 信息 [main] org.apache.catalina.startup.VersionLoggerListener.log Command line argument: -Djava.io.tmpdir=D:\SourceCode\Java\apache-tomcat-9.0.19\temp
27-May-2019 20:29:48.141 信息 [main] org.apache.catalina.core.AprLifecycleListener.lifecycleEvent Loaded APR based Apache Tomcat Native library [1.2.21] using APR version [1.6.5].
27-May-2019 20:29:48.142 信息 [main] org.apache.catalina.core.AprLifecycleListener.lifecycleEvent APR capabilities: IPv6 [true], sendfile [true], accept filters [false], random [true].
27-May-2019 20:29:48.144 信息 [main] org.apache.catalina.core.AprLifecycleListener.lifecycleEvent APR/OpenSSL configuration: useAprConnector [false], useOpenSSL [true]
27-May-2019 20:29:48.155 信息 [main] org.apache.catalina.core.AprLifecycleListener.initializeSSL OpenSSL successfully initialized [OpenSSL 1.1.1a  20 Nov 2018]
27-May-2019 20:29:48.211 信息 [main] org.apache.coyote.AbstractProtocol.init 初始化协议处理器 ["http-nio-8080"]
27-May-2019 20:29:48.711 信息 [main] org.apache.coyote.AbstractProtocol.init 初始化协议处理器 ["ajp-nio-8009"]
27-May-2019 20:29:48.717 信息 [main] org.apache.catalina.startup.Catalina.load 服务器在[1,218]毫秒内初始化
27-May-2019 20:29:48.827 信息 [main] org.apache.catalina.core.StandardService.startInternal Starting service [Catalina]
27-May-2019 20:29:48.828 信息 [main] org.apache.catalina.core.StandardEngine.startInternal Starting Servlet engine: [Apache Tomcat/9.0.19]
27-May-2019 20:29:48.856 信息 [main] org.apache.catalina.startup.HostConfig.deployDirectory 把web 应用程序部署到目录 [D:\SourceCode\Java\apache-tomcat-9.0.19\webapps\docs]
27-May-2019 20:29:49.543 警告 [main] org.apache.catalina.util.SessionIdGeneratorBase.createSecureRandom Creation of SecureRandom instance for session ID generation using [SHA1PRNG] took [428] milliseconds.
27-May-2019 20:29:49.572 信息 [main] org.apache.catalina.startup.HostConfig.deployDirectory Deployment of web application directory [D:\SourceCode\Java\apache-tomcat-9.0.19\webapps\docs] has finished in [716] ms
27-May-2019 20:29:49.573 信息 [main] org.apache.catalina.startup.HostConfig.deployDirectory 把web 应用程序部署到目录 [D:\SourceCode\Java\apache-tomcat-9.0.19\webapps\examples]
27-May-2019 20:29:50.483 信息 [main] org.apache.catalina.startup.HostConfig.deployDirectory Deployment of web application directory [D:\SourceCode\Java\apache-tomcat-9.0.19\webapps\examples] has finished in [910] ms
27-May-2019 20:29:50.484 信息 [main] org.apache.catalina.startup.HostConfig.deployDirectory 把web 应用程序部署到目录 [D:\SourceCode\Java\apache-tomcat-9.0.19\webapps\host-manager]
27-May-2019 20:29:50.550 信息 [main] org.apache.catalina.startup.HostConfig.deployDirectory Deployment of web application directory [D:\SourceCode\Java\apache-tomcat-9.0.19\webapps\host-manager] has finished in [66] ms
27-May-2019 20:29:50.551 信息 [main] org.apache.catalina.startup.HostConfig.deployDirectory 把web 应用程序部署到目录 [D:\SourceCode\Java\apache-tomcat-9.0.19\webapps\manager]
27-May-2019 20:29:50.689 信息 [main] org.apache.catalina.startup.HostConfig.deployDirectory Deployment of web application directory [D:\SourceCode\Java\apache-tomcat-9.0.19\webapps\manager] has finished in [137] ms
27-May-2019 20:29:50.692 信息 [main] org.apache.catalina.startup.HostConfig.deployDirectory 把web 应用程序部署到目录 [D:\SourceCode\Java\apache-tomcat-9.0.19\webapps\ROOT]
27-May-2019 20:29:50.773 信息 [main] org.apache.catalina.startup.HostConfig.deployDirectory Deployment of web application directory [D:\SourceCode\Java\apache-tomcat-9.0.19\webapps\ROOT] has finished in [81] ms
27-May-2019 20:29:50.774 信息 [main] org.apache.catalina.startup.HostConfig.deployDirectory 把web 应用程序部署到目录 [D:\SourceCode\Java\apache-tomcat-9.0.19\webapps\Test]
27-May-2019 20:29:50.872 信息 [main] org.apache.catalina.startup.HostConfig.deployDirectory Deployment of web application directory [D:\SourceCode\Java\apache-tomcat-9.0.19\webapps\Test] has finished in [98] ms
27-May-2019 20:29:50.876 信息 [main] org.apache.coyote.AbstractProtocol.start 开始协议处理句柄["http-nio-8080"]
27-May-2019 20:29:50.889 信息 [main] org.apache.coyote.AbstractProtocol.start 开始协议处理句柄["ajp-nio-8009"]
27-May-2019 20:29:50.896 信息 [main] org.apache.catalina.startup.Catalina.start Server startup in [2,178] milliseconds
27-May-2019 20:30:12.848 信息 [main] org.apache.catalina.core.StandardServer.await A valid shutdown command was received via the shutdown port. Stopping the Server instance.
