12-May-2019 17:43:39.979 信息 [main] org.apache.catalina.core.ApplicationContext.log ContextListener: contextInitialized()
12-May-2019 17:43:39.979 信息 [main] org.apache.catalina.core.ApplicationContext.log SessionListener: contextInitialized()
12-May-2019 17:43:39.979 信息 [main] org.apache.catalina.core.ApplicationContext.log ContextListener: attributeAdded('StockTicker', 'async.Stockticker@41c07648')
12-May-2019 17:48:11.162 信息 [main] org.apache.catalina.core.ApplicationContext.log ContextListener: contextInitialized()
12-May-2019 17:48:11.162 信息 [main] org.apache.catalina.core.ApplicationContext.log SessionListener: contextInitialized()
12-May-2019 17:48:11.162 信息 [main] org.apache.catalina.core.ApplicationContext.log ContextListener: attributeAdded('StockTicker', 'async.Stockticker@41c07648')
12-May-2019 18:01:19.541 信息 [main] org.apache.catalina.core.ApplicationContext.log SessionListener: contextDestroyed()
12-May-2019 18:01:19.541 信息 [main] org.apache.catalina.core.ApplicationContext.log ContextListener: contextDestroyed()
12-May-2019 18:01:29.440 信息 [main] org.apache.catalina.core.ApplicationContext.log ContextListener: contextInitialized()
12-May-2019 18:01:29.440 信息 [main] org.apache.catalina.core.ApplicationContext.log SessionListener: contextInitialized()
12-May-2019 18:01:29.440 信息 [main] org.apache.catalina.core.ApplicationContext.log ContextListener: attributeAdded('StockTicker', 'async.Stockticker@41c07648')
12-May-2019 18:06:58.028 信息 [main] org.apache.catalina.core.ApplicationContext.log SessionListener: contextDestroyed()
12-May-2019 18:06:58.028 信息 [main] org.apache.catalina.core.ApplicationContext.log ContextListener: contextDestroyed()
12-May-2019 18:07:04.767 信息 [main] org.apache.catalina.core.ApplicationContext.log ContextListener: contextInitialized()
12-May-2019 18:07:04.767 信息 [main] org.apache.catalina.core.ApplicationContext.log SessionListener: contextInitialized()
12-May-2019 18:07:04.767 信息 [main] org.apache.catalina.core.ApplicationContext.log ContextListener: attributeAdded('StockTicker', 'async.Stockticker@41c07648')
12-May-2019 18:08:23.884 信息 [http-nio-8080-exec-4] org.apache.catalina.core.ApplicationContext.log ContextListener: attributeAdded('org.apache.jasper.runtime.JspApplicationContextImpl', 'org.apache.jasper.runtime.JspApplicationContextImpl@23cb9841')
12-May-2019 18:08:23.908 信息 [http-nio-8080-exec-4] org.apache.catalina.core.ApplicationContext.log ContextListener: attributeAdded('org.apache.jasper.compiler.ELInterpreter', 'org.apache.jasper.compiler.ELInterpreterFactory$DefaultELInterpreter@4aaf192a')
12-May-2019 18:08:24.492 信息 [http-nio-8080-exec-4] org.apache.catalina.core.ApplicationContext.log SessionListener: sessionCreated('14A6BD9B6A71D3D8B47C26D196886720')
12-May-2019 18:09:49.054 信息 [main] org.apache.catalina.core.ApplicationContext.log SessionListener: contextDestroyed()
12-May-2019 18:09:49.054 信息 [main] org.apache.catalina.core.ApplicationContext.log ContextListener: contextDestroyed()
12-May-2019 18:09:54.272 信息 [main] org.apache.catalina.core.ApplicationContext.log ContextListener: contextInitialized()
12-May-2019 18:09:54.272 信息 [main] org.apache.catalina.core.ApplicationContext.log SessionListener: contextInitialized()
12-May-2019 18:09:54.274 信息 [main] org.apache.catalina.core.ApplicationContext.log ContextListener: attributeAdded('StockTicker', 'async.Stockticker@41c07648')
12-May-2019 18:38:58.144 信息 [Catalina-utility-1] org.apache.catalina.core.ApplicationContext.log SessionListener: sessionDestroyed('14A6BD9B6A71D3D8B47C26D196886720')
12-May-2019 19:03:10.428 信息 [http-nio-8080-exec-16] org.apache.catalina.core.ApplicationContext.log Marking servlet [HW] as unavailable
12-May-2019 19:03:10.429 严重 [http-nio-8080-exec-16] org.apache.catalina.core.StandardWrapperValve.invoke Allocate exception for servlet [HW]
 java.lang.NoSuchMethodException: HelloWorldServlet.<init>()
	at java.base/java.lang.Class.getConstructor0(Class.java:3350)
	at java.base/java.lang.Class.getConstructor(Class.java:2152)
	at org.apache.catalina.core.DefaultInstanceManager.newInstance(DefaultInstanceManager.java:151)
	at org.apache.catalina.core.StandardWrapper.loadServlet(StandardWrapper.java:1030)
	at org.apache.catalina.core.StandardWrapper.allocate(StandardWrapper.java:761)
	at org.apache.catalina.core.StandardWrapperValve.invoke(StandardWrapperValve.java:134)
	at org.apache.catalina.core.StandardContextValve.invoke(StandardContextValve.java:96)
	at org.apache.catalina.authenticator.AuthenticatorBase.invoke(AuthenticatorBase.java:490)
	at org.apache.catalina.core.StandardHostValve.invoke(StandardHostValve.java:139)
	at org.apache.catalina.valves.ErrorReportValve.invoke(ErrorReportValve.java:92)
	at org.apache.catalina.valves.AbstractAccessLogValve.invoke(AbstractAccessLogValve.java:678)
	at org.apache.catalina.core.StandardEngineValve.invoke(StandardEngineValve.java:74)
	at org.apache.catalina.connector.CoyoteAdapter.service(CoyoteAdapter.java:343)
	at org.apache.coyote.http11.Http11Processor.service(Http11Processor.java:408)
	at org.apache.coyote.AbstractProcessorLight.process(AbstractProcessorLight.java:66)
	at org.apache.coyote.AbstractProtocol$ConnectionHandler.process(AbstractProtocol.java:836)
	at org.apache.tomcat.util.net.NioEndpoint$SocketProcessor.doRun(NioEndpoint.java:1747)
	at org.apache.tomcat.util.net.SocketProcessorBase.run(SocketProcessorBase.java:49)
	at java.base/java.util.concurrent.ThreadPoolExecutor.runWorker(ThreadPoolExecutor.java:1128)
	at java.base/java.util.concurrent.ThreadPoolExecutor$Worker.run(ThreadPoolExecutor.java:628)
	at org.apache.tomcat.util.threads.TaskThread$WrappingRunnable.run(TaskThread.java:61)
	at java.base/java.lang.Thread.run(Thread.java:834)

12-May-2019 19:05:01.754 信息 [main] org.apache.catalina.core.ApplicationContext.log ContextListener: contextInitialized()
12-May-2019 19:05:01.754 信息 [main] org.apache.catalina.core.ApplicationContext.log SessionListener: contextInitialized()
12-May-2019 19:05:01.754 信息 [main] org.apache.catalina.core.ApplicationContext.log ContextListener: attributeAdded('StockTicker', 'async.Stockticker@5bbc9f97')
12-May-2019 19:05:01.921 信息 [main] org.apache.catalina.core.ApplicationContext.log SessionListener: contextDestroyed()
12-May-2019 19:05:01.921 信息 [main] org.apache.catalina.core.ApplicationContext.log ContextListener: contextDestroyed()
12-May-2019 19:13:02.074 信息 [main] org.apache.catalina.core.ApplicationContext.log ContextListener: contextInitialized()
12-May-2019 19:13:02.074 信息 [main] org.apache.catalina.core.ApplicationContext.log SessionListener: contextInitialized()
12-May-2019 19:13:02.074 信息 [main] org.apache.catalina.core.ApplicationContext.log ContextListener: attributeAdded('StockTicker', 'async.Stockticker@133e019b')
12-May-2019 19:13:02.242 信息 [main] org.apache.catalina.core.ApplicationContext.log SessionListener: contextDestroyed()
12-May-2019 19:13:02.242 信息 [main] org.apache.catalina.core.ApplicationContext.log ContextListener: contextDestroyed()
12-May-2019 19:27:20.105 信息 [main] org.apache.catalina.core.ApplicationContext.log SessionListener: contextDestroyed()
12-May-2019 19:27:20.105 信息 [main] org.apache.catalina.core.ApplicationContext.log ContextListener: contextDestroyed()
12-May-2019 19:27:27.987 信息 [main] org.apache.catalina.core.ApplicationContext.log ContextListener: contextInitialized()
12-May-2019 19:27:27.987 信息 [main] org.apache.catalina.core.ApplicationContext.log SessionListener: contextInitialized()
12-May-2019 19:27:27.987 信息 [main] org.apache.catalina.core.ApplicationContext.log ContextListener: attributeAdded('StockTicker', 'async.Stockticker@669253b7')
12-May-2019 19:27:45.499 信息 [http-nio-8080-exec-2] org.apache.catalina.core.ApplicationContext.log Marking servlet [HW] as unavailable
12-May-2019 19:27:45.500 严重 [http-nio-8080-exec-2] org.apache.catalina.core.StandardWrapperValve.invoke Allocate exception for servlet [HW]
 java.lang.NoSuchMethodException: HelloWorldServlet.<init>()
	at java.base/java.lang.Class.getConstructor0(Class.java:3350)
	at java.base/java.lang.Class.getConstructor(Class.java:2152)
	at org.apache.catalina.core.DefaultInstanceManager.newInstance(DefaultInstanceManager.java:151)
	at org.apache.catalina.core.StandardWrapper.loadServlet(StandardWrapper.java:1030)
	at org.apache.catalina.core.StandardWrapper.allocate(StandardWrapper.java:761)
	at org.apache.catalina.core.StandardWrapperValve.invoke(StandardWrapperValve.java:134)
	at org.apache.catalina.core.StandardContextValve.invoke(StandardContextValve.java:96)
	at org.apache.catalina.authenticator.AuthenticatorBase.invoke(AuthenticatorBase.java:490)
	at org.apache.catalina.core.StandardHostValve.invoke(StandardHostValve.java:139)
	at org.apache.catalina.valves.ErrorReportValve.invoke(ErrorReportValve.java:92)
	at org.apache.catalina.valves.AbstractAccessLogValve.invoke(AbstractAccessLogValve.java:678)
	at org.apache.catalina.core.StandardEngineValve.invoke(StandardEngineValve.java:74)
	at org.apache.catalina.connector.CoyoteAdapter.service(CoyoteAdapter.java:343)
	at org.apache.coyote.http11.Http11Processor.service(Http11Processor.java:408)
	at org.apache.coyote.AbstractProcessorLight.process(AbstractProcessorLight.java:66)
	at org.apache.coyote.AbstractProtocol$ConnectionHandler.process(AbstractProtocol.java:836)
	at org.apache.tomcat.util.net.NioEndpoint$SocketProcessor.doRun(NioEndpoint.java:1747)
	at org.apache.tomcat.util.net.SocketProcessorBase.run(SocketProcessorBase.java:49)
	at java.base/java.util.concurrent.ThreadPoolExecutor.runWorker(ThreadPoolExecutor.java:1128)
	at java.base/java.util.concurrent.ThreadPoolExecutor$Worker.run(ThreadPoolExecutor.java:628)
	at org.apache.tomcat.util.threads.TaskThread$WrappingRunnable.run(TaskThread.java:61)
	at java.base/java.lang.Thread.run(Thread.java:834)

12-May-2019 19:34:23.900 信息 [http-nio-8080-exec-2] org.apache.catalina.core.ApplicationContext.log Marking servlet [HW] as unavailable
12-May-2019 19:34:23.900 严重 [http-nio-8080-exec-2] org.apache.catalina.core.StandardWrapperValve.invoke Allocate exception for servlet [HW]
 java.lang.ClassNotFoundException: Demo.HelloWorldServlet
	at org.apache.catalina.loader.WebappClassLoaderBase.loadClass(WebappClassLoaderBase.java:1363)
	at org.apache.catalina.loader.WebappClassLoaderBase.loadClass(WebappClassLoaderBase.java:1186)
	at org.apache.catalina.core.DefaultInstanceManager.loadClass(DefaultInstanceManager.java:540)
	at org.apache.catalina.core.DefaultInstanceManager.loadClassMaybePrivileged(DefaultInstanceManager.java:521)
	at org.apache.catalina.core.DefaultInstanceManager.newInstance(DefaultInstanceManager.java:150)
	at org.apache.catalina.core.StandardWrapper.loadServlet(StandardWrapper.java:1030)
	at org.apache.catalina.core.StandardWrapper.allocate(StandardWrapper.java:761)
	at org.apache.catalina.core.StandardWrapperValve.invoke(StandardWrapperValve.java:134)
	at org.apache.catalina.core.StandardContextValve.invoke(StandardContextValve.java:96)
	at org.apache.catalina.authenticator.AuthenticatorBase.invoke(AuthenticatorBase.java:490)
	at org.apache.catalina.core.StandardHostValve.invoke(StandardHostValve.java:139)
	at org.apache.catalina.valves.ErrorReportValve.invoke(ErrorReportValve.java:92)
	at org.apache.catalina.valves.AbstractAccessLogValve.invoke(AbstractAccessLogValve.java:678)
	at org.apache.catalina.core.StandardEngineValve.invoke(StandardEngineValve.java:74)
	at org.apache.catalina.connector.CoyoteAdapter.service(CoyoteAdapter.java:343)
	at org.apache.coyote.http11.Http11Processor.service(Http11Processor.java:408)
	at org.apache.coyote.AbstractProcessorLight.process(AbstractProcessorLight.java:66)
	at org.apache.coyote.AbstractProtocol$ConnectionHandler.process(AbstractProtocol.java:836)
	at org.apache.tomcat.util.net.NioEndpoint$SocketProcessor.doRun(NioEndpoint.java:1747)
	at org.apache.tomcat.util.net.SocketProcessorBase.run(SocketProcessorBase.java:49)
	at java.base/java.util.concurrent.ThreadPoolExecutor.runWorker(ThreadPoolExecutor.java:1128)
	at java.base/java.util.concurrent.ThreadPoolExecutor$Worker.run(ThreadPoolExecutor.java:628)
	at org.apache.tomcat.util.threads.TaskThread$WrappingRunnable.run(TaskThread.java:61)
	at java.base/java.lang.Thread.run(Thread.java:834)

12-May-2019 19:38:03.842 信息 [main] org.apache.catalina.core.ApplicationContext.log SessionListener: contextDestroyed()
12-May-2019 19:38:03.842 信息 [main] org.apache.catalina.core.ApplicationContext.log ContextListener: contextDestroyed()
12-May-2019 19:38:07.231 信息 [main] org.apache.catalina.core.ApplicationContext.log ContextListener: contextInitialized()
12-May-2019 19:38:07.231 信息 [main] org.apache.catalina.core.ApplicationContext.log SessionListener: contextInitialized()
12-May-2019 19:38:07.231 信息 [main] org.apache.catalina.core.ApplicationContext.log ContextListener: attributeAdded('StockTicker', 'async.Stockticker@669253b7')
12-May-2019 19:38:12.740 信息 [http-nio-8080-exec-2] org.apache.catalina.core.ApplicationContext.log Marking servlet [HW] as unavailable
12-May-2019 19:38:12.741 严重 [http-nio-8080-exec-2] org.apache.catalina.core.StandardWrapperValve.invoke Allocate exception for servlet [HW]
 java.lang.ClassNotFoundException: Demo.HelloWorldServlet
	at org.apache.catalina.loader.WebappClassLoaderBase.loadClass(WebappClassLoaderBase.java:1363)
	at org.apache.catalina.loader.WebappClassLoaderBase.loadClass(WebappClassLoaderBase.java:1186)
	at org.apache.catalina.core.DefaultInstanceManager.loadClass(DefaultInstanceManager.java:540)
	at org.apache.catalina.core.DefaultInstanceManager.loadClassMaybePrivileged(DefaultInstanceManager.java:521)
	at org.apache.catalina.core.DefaultInstanceManager.newInstance(DefaultInstanceManager.java:150)
	at org.apache.catalina.core.StandardWrapper.loadServlet(StandardWrapper.java:1030)
	at org.apache.catalina.core.StandardWrapper.allocate(StandardWrapper.java:761)
	at org.apache.catalina.core.StandardWrapperValve.invoke(StandardWrapperValve.java:134)
	at org.apache.catalina.core.StandardContextValve.invoke(StandardContextValve.java:96)
	at org.apache.catalina.authenticator.AuthenticatorBase.invoke(AuthenticatorBase.java:490)
	at org.apache.catalina.core.StandardHostValve.invoke(StandardHostValve.java:139)
	at org.apache.catalina.valves.ErrorReportValve.invoke(ErrorReportValve.java:92)
	at org.apache.catalina.valves.AbstractAccessLogValve.invoke(AbstractAccessLogValve.java:678)
	at org.apache.catalina.core.StandardEngineValve.invoke(StandardEngineValve.java:74)
	at org.apache.catalina.connector.CoyoteAdapter.service(CoyoteAdapter.java:343)
	at org.apache.coyote.http11.Http11Processor.service(Http11Processor.java:408)
	at org.apache.coyote.AbstractProcessorLight.process(AbstractProcessorLight.java:66)
	at org.apache.coyote.AbstractProtocol$ConnectionHandler.process(AbstractProtocol.java:836)
	at org.apache.tomcat.util.net.NioEndpoint$SocketProcessor.doRun(NioEndpoint.java:1747)
	at org.apache.tomcat.util.net.SocketProcessorBase.run(SocketProcessorBase.java:49)
	at java.base/java.util.concurrent.ThreadPoolExecutor.runWorker(ThreadPoolExecutor.java:1128)
	at java.base/java.util.concurrent.ThreadPoolExecutor$Worker.run(ThreadPoolExecutor.java:628)
	at org.apache.tomcat.util.threads.TaskThread$WrappingRunnable.run(TaskThread.java:61)
	at java.base/java.lang.Thread.run(Thread.java:834)

12-May-2019 19:46:59.990 信息 [main] org.apache.catalina.core.ApplicationContext.log SessionListener: contextDestroyed()
12-May-2019 19:46:59.990 信息 [main] org.apache.catalina.core.ApplicationContext.log ContextListener: contextDestroyed()
12-May-2019 19:47:04.080 信息 [main] org.apache.catalina.core.ApplicationContext.log ContextListener: contextInitialized()
12-May-2019 19:47:04.080 信息 [main] org.apache.catalina.core.ApplicationContext.log SessionListener: contextInitialized()
12-May-2019 19:47:04.082 信息 [main] org.apache.catalina.core.ApplicationContext.log ContextListener: attributeAdded('StockTicker', 'async.Stockticker@41c07648')
12-May-2019 19:49:14.756 信息 [main] org.apache.catalina.core.ApplicationContext.log ContextListener: contextInitialized()
12-May-2019 19:49:14.757 信息 [main] org.apache.catalina.core.ApplicationContext.log SessionListener: contextInitialized()
12-May-2019 19:49:14.759 信息 [main] org.apache.catalina.core.ApplicationContext.log ContextListener: attributeAdded('StockTicker', 'async.Stockticker@4fdfa676')
12-May-2019 19:49:14.953 信息 [main] org.apache.catalina.core.ApplicationContext.log SessionListener: contextDestroyed()
12-May-2019 19:49:14.953 信息 [main] org.apache.catalina.core.ApplicationContext.log ContextListener: contextDestroyed()
12-May-2019 19:49:55.723 信息 [main] org.apache.catalina.core.ApplicationContext.log ContextListener: contextInitialized()
12-May-2019 19:49:55.724 信息 [main] org.apache.catalina.core.ApplicationContext.log SessionListener: contextInitialized()
12-May-2019 19:49:55.725 信息 [main] org.apache.catalina.core.ApplicationContext.log ContextListener: attributeAdded('StockTicker', 'async.Stockticker@133e019b')
12-May-2019 19:49:55.955 信息 [main] org.apache.catalina.core.ApplicationContext.log SessionListener: contextDestroyed()
12-May-2019 19:49:55.955 信息 [main] org.apache.catalina.core.ApplicationContext.log ContextListener: contextDestroyed()
12-May-2019 19:53:52.053 信息 [main] org.apache.catalina.core.ApplicationContext.log ContextListener: contextInitialized()
12-May-2019 19:53:52.053 信息 [main] org.apache.catalina.core.ApplicationContext.log SessionListener: contextInitialized()
12-May-2019 19:53:52.061 信息 [main] org.apache.catalina.core.ApplicationContext.log ContextListener: attributeAdded('StockTicker', 'async.Stockticker@4fdfa676')
12-May-2019 19:53:52.250 信息 [main] org.apache.catalina.core.ApplicationContext.log SessionListener: contextDestroyed()
12-May-2019 19:53:52.250 信息 [main] org.apache.catalina.core.ApplicationContext.log ContextListener: contextDestroyed()
12-May-2019 19:57:35.835 信息 [main] org.apache.catalina.core.ApplicationContext.log ContextListener: contextInitialized()
12-May-2019 19:57:35.835 信息 [main] org.apache.catalina.core.ApplicationContext.log SessionListener: contextInitialized()
12-May-2019 19:57:35.835 信息 [main] org.apache.catalina.core.ApplicationContext.log ContextListener: attributeAdded('StockTicker', 'async.Stockticker@669253b7')
12-May-2019 20:03:13.794 信息 [main] org.apache.catalina.core.ApplicationContext.log SessionListener: contextDestroyed()
12-May-2019 20:03:13.794 信息 [main] org.apache.catalina.core.ApplicationContext.log ContextListener: contextDestroyed()
12-May-2019 20:03:18.868 信息 [main] org.apache.catalina.core.ApplicationContext.log ContextListener: contextInitialized()
12-May-2019 20:03:18.868 信息 [main] org.apache.catalina.core.ApplicationContext.log SessionListener: contextInitialized()
12-May-2019 20:03:18.868 信息 [main] org.apache.catalina.core.ApplicationContext.log ContextListener: attributeAdded('StockTicker', 'async.Stockticker@4d9d1b69')
12-May-2019 20:04:20.891 信息 [main] org.apache.catalina.core.ApplicationContext.log SessionListener: contextDestroyed()
12-May-2019 20:04:20.891 信息 [main] org.apache.catalina.core.ApplicationContext.log ContextListener: contextDestroyed()
12-May-2019 20:04:24.310 信息 [main] org.apache.catalina.core.ApplicationContext.log ContextListener: contextInitialized()
12-May-2019 20:04:24.310 信息 [main] org.apache.catalina.core.ApplicationContext.log SessionListener: contextInitialized()
12-May-2019 20:04:24.318 信息 [main] org.apache.catalina.core.ApplicationContext.log ContextListener: attributeAdded('StockTicker', 'async.Stockticker@669253b7')
12-May-2019 20:17:08.146 信息 [main] org.apache.catalina.core.ApplicationContext.log SessionListener: contextDestroyed()
12-May-2019 20:17:08.146 信息 [main] org.apache.catalina.core.ApplicationContext.log ContextListener: contextDestroyed()
12-May-2019 20:17:12.727 信息 [main] org.apache.catalina.core.ApplicationContext.log ContextListener: contextInitialized()
12-May-2019 20:17:12.727 信息 [main] org.apache.catalina.core.ApplicationContext.log SessionListener: contextInitialized()
12-May-2019 20:17:12.727 信息 [main] org.apache.catalina.core.ApplicationContext.log ContextListener: attributeAdded('StockTicker', 'async.Stockticker@41c07648')
12-May-2019 20:20:14.751 信息 [main] org.apache.catalina.core.ApplicationContext.log ContextListener: contextInitialized()
12-May-2019 20:20:14.752 信息 [main] org.apache.catalina.core.ApplicationContext.log SessionListener: contextInitialized()
12-May-2019 20:20:14.754 信息 [main] org.apache.catalina.core.ApplicationContext.log ContextListener: attributeAdded('StockTicker', 'async.Stockticker@3aacf32a')
12-May-2019 20:20:14.945 信息 [main] org.apache.catalina.core.ApplicationContext.log SessionListener: contextDestroyed()
12-May-2019 20:20:14.945 信息 [main] org.apache.catalina.core.ApplicationContext.log ContextListener: contextDestroyed()
12-May-2019 20:24:54.893 信息 [main] org.apache.catalina.core.ApplicationContext.log ContextListener: contextInitialized()
12-May-2019 20:24:54.893 信息 [main] org.apache.catalina.core.ApplicationContext.log SessionListener: contextInitialized()
12-May-2019 20:24:54.895 信息 [main] org.apache.catalina.core.ApplicationContext.log ContextListener: attributeAdded('StockTicker', 'async.Stockticker@345e5a17')
12-May-2019 20:24:55.087 信息 [main] org.apache.catalina.core.ApplicationContext.log SessionListener: contextDestroyed()
12-May-2019 20:24:55.087 信息 [main] org.apache.catalina.core.ApplicationContext.log ContextListener: contextDestroyed()
12-May-2019 20:29:47.082 信息 [main] org.apache.catalina.core.ApplicationContext.log ContextListener: contextInitialized()
12-May-2019 20:29:47.082 信息 [main] org.apache.catalina.core.ApplicationContext.log SessionListener: contextInitialized()
12-May-2019 20:29:47.090 信息 [main] org.apache.catalina.core.ApplicationContext.log ContextListener: attributeAdded('StockTicker', 'async.Stockticker@669253b7')
12-May-2019 20:33:24.731 信息 [main] org.apache.catalina.core.ApplicationContext.log ContextListener: contextInitialized()
12-May-2019 20:33:24.732 信息 [main] org.apache.catalina.core.ApplicationContext.log SessionListener: contextInitialized()
12-May-2019 20:33:24.733 信息 [main] org.apache.catalina.core.ApplicationContext.log ContextListener: attributeAdded('StockTicker', 'async.Stockticker@41c07648')
12-May-2019 20:44:24.483 信息 [main] org.apache.catalina.core.ApplicationContext.log ContextListener: contextInitialized()
12-May-2019 20:44:24.483 信息 [main] org.apache.catalina.core.ApplicationContext.log SessionListener: contextInitialized()
12-May-2019 20:44:24.487 信息 [main] org.apache.catalina.core.ApplicationContext.log ContextListener: attributeAdded('StockTicker', 'async.Stockticker@4d9d1b69')
12-May-2019 20:51:11.501 信息 [main] org.apache.catalina.core.ApplicationContext.log SessionListener: contextDestroyed()
12-May-2019 20:51:11.501 信息 [main] org.apache.catalina.core.ApplicationContext.log ContextListener: contextDestroyed()
