09-May-2019 13:40:01.925 信息 [main] org.apache.catalina.core.ApplicationContext.log ContextListener: contextInitialized()
09-May-2019 13:40:01.925 信息 [main] org.apache.catalina.core.ApplicationContext.log SessionListener: contextInitialized()
09-May-2019 13:40:01.925 信息 [main] org.apache.catalina.core.ApplicationContext.log ContextListener: attributeAdded('StockTicker', 'async.Stockticker@1edb61b1')
09-May-2019 14:17:21.038 信息 [main] org.apache.catalina.core.ApplicationContext.log SessionListener: contextDestroyed()
09-May-2019 14:17:21.038 信息 [main] org.apache.catalina.core.ApplicationContext.log ContextListener: contextDestroyed()
09-May-2019 14:17:27.337 信息 [main] org.apache.catalina.core.ApplicationContext.log ContextListener: contextInitialized()
09-May-2019 14:17:27.339 信息 [main] org.apache.catalina.core.ApplicationContext.log SessionListener: contextInitialized()
09-May-2019 14:17:27.341 信息 [main] org.apache.catalina.core.ApplicationContext.log ContextListener: attributeAdded('StockTicker', 'async.Stockticker@2b46a8c1')
09-May-2019 14:20:33.337 信息 [main] org.apache.catalina.core.ApplicationContext.log SessionListener: contextDestroyed()
09-May-2019 14:20:33.337 信息 [main] org.apache.catalina.core.ApplicationContext.log ContextListener: contextDestroyed()
09-May-2019 14:20:38.649 信息 [main] org.apache.catalina.core.ApplicationContext.log ContextListener: contextInitialized()
09-May-2019 14:20:38.649 信息 [main] org.apache.catalina.core.ApplicationContext.log SessionListener: contextInitialized()
09-May-2019 14:20:38.652 信息 [main] org.apache.catalina.core.ApplicationContext.log ContextListener: attributeAdded('StockTicker', 'async.Stockticker@329a1243')
09-May-2019 14:25:15.535 信息 [main] org.apache.catalina.core.ApplicationContext.log SessionListener: contextDestroyed()
09-May-2019 14:25:15.535 信息 [main] org.apache.catalina.core.ApplicationContext.log ContextListener: contextDestroyed()
09-May-2019 14:25:32.020 信息 [main] org.apache.catalina.core.ApplicationContext.log ContextListener: contextInitialized()
09-May-2019 14:25:32.020 信息 [main] org.apache.catalina.core.ApplicationContext.log SessionListener: contextInitialized()
09-May-2019 14:25:32.020 信息 [main] org.apache.catalina.core.ApplicationContext.log ContextListener: attributeAdded('StockTicker', 'async.Stockticker@781e7326')
09-May-2019 14:27:43.837 信息 [main] org.apache.catalina.core.ApplicationContext.log SessionListener: contextDestroyed()
09-May-2019 14:27:43.837 信息 [main] org.apache.catalina.core.ApplicationContext.log ContextListener: contextDestroyed()
09-May-2019 14:27:48.905 信息 [main] org.apache.catalina.core.ApplicationContext.log ContextListener: contextInitialized()
09-May-2019 14:27:48.905 信息 [main] org.apache.catalina.core.ApplicationContext.log SessionListener: contextInitialized()
09-May-2019 14:27:48.907 信息 [main] org.apache.catalina.core.ApplicationContext.log ContextListener: attributeAdded('StockTicker', 'async.Stockticker@41c07648')
09-May-2019 14:29:50.214 信息 [main] org.apache.catalina.core.ApplicationContext.log SessionListener: contextDestroyed()
09-May-2019 14:29:50.214 信息 [main] org.apache.catalina.core.ApplicationContext.log ContextListener: contextDestroyed()
09-May-2019 14:29:53.961 信息 [main] org.apache.catalina.core.ApplicationContext.log ContextListener: contextInitialized()
09-May-2019 14:29:53.963 信息 [main] org.apache.catalina.core.ApplicationContext.log SessionListener: contextInitialized()
09-May-2019 14:29:53.965 信息 [main] org.apache.catalina.core.ApplicationContext.log ContextListener: attributeAdded('StockTicker', 'async.Stockticker@41c07648')
09-May-2019 14:31:13.354 信息 [main] org.apache.catalina.core.ApplicationContext.log SessionListener: contextDestroyed()
09-May-2019 14:31:13.354 信息 [main] org.apache.catalina.core.ApplicationContext.log ContextListener: contextDestroyed()
09-May-2019 14:31:17.320 信息 [main] org.apache.catalina.core.ApplicationContext.log ContextListener: contextInitialized()
09-May-2019 14:31:17.320 信息 [main] org.apache.catalina.core.ApplicationContext.log SessionListener: contextInitialized()
09-May-2019 14:31:17.324 信息 [main] org.apache.catalina.core.ApplicationContext.log ContextListener: attributeAdded('StockTicker', 'async.Stockticker@41c07648')
